Tai khoan: phuongaz, Ma the: 123, Seri: 123, Noi dung loi: Thiêu thông tin card_id ., Thoi gian: 1598074600
Tai khoan: phuongaz, Ma the: 12412, Seri: 123, Noi dung loi: Thiêu thông tin card_id ., Thoi gian: 1598074611
Tai khoan: phuongaz, Ma the: 412, Seri: 123, Noi dung loi: Thiêu thông tin card_id ., Thoi gian: 1598074722
Tai khoan: phuongaz, Ma the: 124123, Seri: 132123, Noi dung loi: Thiêu thông tin card_id ., Thoi gian: 1598080338
Tai khoan: phuongaz, Ma the: 12325463789, Seri: 1245432345, Noi dung loi: Seri thẻ Viettel không hợp lệ. Phải từ 11 đến 15 ký tự số . Hiện tại :10, Thoi gian: 1598080436
Tai khoan: phuongaz, Ma the: 310140030272885, Seri: 10005930343790, Noi dung loi: Nạp thẻ thất bại.Sai thông tin thẻ. Vui lòng kiểm tra lại, Thoi gian: 1598080773
Tai khoan: phuongaz, Ma the: , Seri: , Noi dung loi: Seri thẻ Viettel không hợp lệ. Phải từ 11 đến 15 ký tự số . Hiện tại :0, Thoi gian: 1598081545
Tai khoan: phuongaz, Ma the: 124123123, Seri: 123124, Noi dung loi: Seri thẻ Viettel không hợp lệ. Phải từ 11 đến 15 ký tự số . Hiện tại :6, Thoi gian: 1598084821
Tai khoan: phuongaz, Ma the: 124124123, Seri: 124124, Noi dung loi: Seri thẻ Mobi không hợp lệ. Phải từ 13 đến 15 ký tự số . Hiện tại :6, Thoi gian: 1598084840
Tai khoan: idolbminh, Ma the: ., Seri: ., Noi dung loi: Seri thẻ Viettel không hợp lệ. Phải từ 11 đến 15 ký tự số . Hiện tại :0, Thoi gian: 1598084851
Tai khoan: BlackPMFury, Ma the: 27282828, Seri: 2828282, Noi dung loi: Seri thẻ Viettel không hợp lệ. Phải từ 11 đến 15 ký tự số . Hiện tại :7, Thoi gian: 1612109114
Tai khoan: BlackPMFury, Ma the: 013908205281991, Seri: 10006226608987, Noi dung loi: Merchant không tồn tại hoặc chưa kích hoạt, Thoi gian: 1612197098
Tai khoan: BlackPMFury, Ma the: 013908205281991, Seri: 10006226608987, Noi dung loi: Thẻ đang xử lý hoặc đã gửi thẻ này lên hệ thống rồi., Thoi gian: 1612197361
Tai khoan: dbgamingvn2, Ma the: 31598303136586, Seri: 51500384176113, Noi dung loi: Mã thẻ Mobi không hợp lệ. Phải là 12 ký tự số. Hiện tại :14, Thoi gian: 1612233088
Tai khoan: dbgamingvn2, Ma the: , Seri: , Noi dung loi: Seri thẻ Viettel không hợp lệ. Phải từ 11 đến 15 ký tự số . Hiện tại :0, Thoi gian: 1612233133
Tai khoan: JackTHNGaming41, Ma the: 929239399392929, Seri: 91393939299393, Noi dung loi: Nạp thẻ thất bại.Sai thông tin thẻ. Vui lòng kiểm tra lại, Thoi gian: 1612508690
Tai khoan: Datsiudz, Ma the: 11532366215856, Seri: 10006462901463, Noi dung loi: Thẻ đang xử lý hoặc đã gửi thẻ này lên hệ thống rồi., Thoi gian: 1612515520
Tai khoan: Datsiudz, Ma the: 115323666214856, Seri: 10006462901463, Noi dung loi: Nạp thẻ thất bại.Sai thông tin thẻ. Vui lòng kiểm tra lại, Thoi gian: 1612515676
Tai khoan: BananiK6406, Ma the: 73319736629885, Seri: 55010086378340, Noi dung loi: Mã thẻ Mobi không hợp lệ. Phải là 12 ký tự số. Hiện tại :14, Thoi gian: 1612524870
Tai khoan: dbgamingvn2, Ma the: 73319736629885, Seri: 55010086378340, Noi dung loi: Mã thẻ Mobi không hợp lệ. Phải là 12 ký tự số. Hiện tại :14, Thoi gian: 1612525290
Tai khoan: dbgamingvn2, Ma the: 73319736629885, Seri: 55010086378340, Noi dung loi: Mã thẻ Mobi không hợp lệ. Phải là 12 ký tự số. Hiện tại :14, Thoi gian: 1612525512
Tai khoan: dbgamingvn2, Ma the: 73319736629885, Seri: 55010086378340, Noi dung loi: Thẻ cào này đã nạp thành công rồi. Vui lòng nạp thẻ khác., Thoi gian: 1612525924
