PocketMine-MP Crash Dump Mon Feb 1 22:34:42 +07 2021

Error: Undefined offset: 1
File: plugins/Skyblock/src/RedCraftPE/RedSkyBlock/Generators/IslandGenerator
Line: 92
Type: ErrorException

THIS CRASH WAS CAUSED BY A PLUGIN
BAD PLUGIN: LOCMSkyblock v3.1.3

Code:
[83]       $counter = 0;
[84] 
[85]       for ($x = $islands * $interval; $x <= ($islands * $interval) + (max($x1, $x2) - min($x1, $x2)); $x++) {
[86] 
[87]         for ($y = 15; $y <= 15 + (max($y1, $y2) - min($y1, $y2)); $y++) {
[88] 
[89]           for ($z = $islands * $interval; $z <= ($islands * $interval) + (max($z1, $z2) - min($z1, $z2)); $z++) {
[90] 
[91]             $block = explode(" ", $blocksArray[$counter]);
[92]             $blockset = Block::get($block[0], $block[1]);
[93]             if($blockset->getId() == 54){
[94]               $nbt = Chest::createNBT(new Vector3($x,$y,$z));
[95]               $tile = Tile::createTile(Tile::CHEST, $level, $nbt);
[96]               if($tile instanceof Chest){
[97]                 foreach($items as $item){
[98]                   $tile->getInventory()->addItem($item);
[99]                 }
[100]               }
[101]             }
[102]             $level->setBlock(new Vector3($x, $y, $z), Block::get($block[0], $block[1]), false);

Backtrace:
#0 plugins/Skyblock/src/RedCraftPE/RedSkyBlock/Generators/IslandGenerator(92): pocketmine\utils\Utils::errorExceptionHandler(integer 8, string[19] Undefined offset: 1, string[123] C:\Users\Administrator\Desktop\SPMC Network 2021\plugins\Skyblock\src\RedCraftPE, integer 92, array[18])
#1 plugins/Skyblock/src/RedCraftPE/RedSkyBlock/Tasks/Generate(26): RedCraftPE\RedSkyBlock\Generators\IslandGenerator->generateIsland(object pocketmine\level\Level, integer 500, integer 0, string[4] snow)
#2 pmsrc/src/pocketmine/scheduler/TaskHandler(137): RedCraftPE\RedSkyBlock\Tasks\Generate->onRun(integer 3613)
#3 pmsrc/src/pocketmine/scheduler/TaskScheduler(179): pocketmine\scheduler\TaskHandler->run(integer 3613)
#4 pmsrc/src/pocketmine/plugin/PluginManager(654): pocketmine\scheduler\TaskScheduler->mainThreadHeartbeat(integer 3613)
#5 pmsrc/src/pocketmine/Server(2390): pocketmine\plugin\PluginManager->tickSchedulers(integer 3613)
#6 pmsrc/src/pocketmine/Server(2153): pocketmine\Server->tick()
#7 pmsrc/src/pocketmine/Server(1993): pocketmine\Server->tickProcessor()
#8 pmsrc/src/pocketmine/Server(1587): pocketmine\Server->start()
#9 pmsrc/src/pocketmine/PocketMine(286): pocketmine\Server->__construct(object BaseClassLoader, object pocketmine\utils\MainLogger, string[49] C:\Users\Administrator\Desktop\SPMC Network 2021\, string[57] C:\Users\Administrator\Desktop\SPMC Network 2021\plugins\)
#10 pmsrc/src/pocketmine/PocketMine(316): pocketmine\server()
#11 pmsrc(11): require(string[104] phar://C:/Users/Administrator/Desktop/SPMC Network 2021/PocketMine-MP.phar/src/p)

PocketMine-MP version: 3.17.3 [Protocol 422]
Git commit: b296ae1b872aa0dbb6d118993aaab70913326b13
uname -a: Windows NT TEDDY2012 6.3 build 9600 (Windows Server 2012 R2 Datacenter Edition) AMD64
PHP Version: 7.3.13
Zend version: 3.3.13
OS : WINNT, win
Composer libraries: 
- adhocore/json-comment 0.1.0@8448076039389f558f39ad0553aab87db3f81614
- daverandom/callback-validator unknown@unknown
- pocketmine/binaryutils 0.1.13@0abee38d4e2861621f262c79a2a3d699d8a697f4
- pocketmine/callback-validator 1.0.3@64787469766bcaa7e5885242e85c23c25e8c55a2
- pocketmine/classloader 0.1.2@9757928424652393b178a3760073113aa7c9911b
- pocketmine/log 0.2.1@830b44a2cf96ef703c550abe64302f230231ca49
- pocketmine/log-pthreads 0.1.3@e477ecf6ec214fdd4415ea1da3fdd9d73bf699ea
- pocketmine/math 0.2.6@43057cb8c179a9859677b496a788db922fd5cfc3
- pocketmine/nbt 0.2.16@be6d54a8a314967d938b501eee49d4641e2ab07d
- pocketmine/pocketmine-mp 3.17.3@b296ae1b872aa0dbb6d118993aaab70913326b13
- pocketmine/raklib 0.12.10@48e70551cca6f2409115d3468bed94c2edd08f31
- pocketmine/snooze 0.1.4@382ab149f01ecca0a57f999ff5d7fc9e271c3268
- pocketmine/spl 0.4.2@6b08b7cf8c4afa17139c9a1b3bf1b408531de161

Loaded plugins:
DevTools 1.13.0 by PocketMine Team for API(s) 3.0.0
Jail 1.3.0 by hoyinm14mc for API(s) 3.1.0
WorldProtect 2.3.8 by aliuly for API(s) 3.0.0
MultiWorld 1.5.2 by CzechPMDevs, VixikCZ, fuyutsuki, kaliiks for API(s) 3.0.0
PurePerms 1.4.3 by 64FF00 & ProjectInfinity for API(s) 3.0.0
PureChat 1.4.11 by 64FF00 for API(s) 3.0.0
LCoin 1 by phuongaz for API(s) 3.0.0
AntiVoid 1.1.0 by FiberglassCivic for API(s) 3.0.0
LOCMSkyblock 3.1.3 by RedCraftPE for API(s) 3.0.0, 4.0.0
DEVirion 1.2.5-ALPHA12 by poggit, SOFe for API(s) 3.0.0
Core 1 by phuongaz for API(s) 3.0.0
Minion 1.0.2 by CLADevs for API(s) 3.0.0
OreGenerator 0.1 by phuongaz for API(s) 3.0.0
FormAPI 1.3.0 by jojoe77777 for API(s) 3.2.0
MSpawns 2.2 by EvolSoft for API(s) 3.0.0
PMRequisites 1.1.0 by  for API(s) 3.0.0
FloatingText 1.0.0 by TheNewManu for API(s) 3.0.0
AutoInv 0.0.10 by JackNoordhuis for API(s) 3.0.0
VanillaEnchantments 4.0.0 by TheAz928 for API(s) 3.0.0, 3.1.0
Boss_Quai 2.1 by phuongaz for API(s) 3.0.0
PiggyCustomEnchants 2.3.0 by DaPigGuy for API(s) 3.14.0
BravoClan 1.1 by Itzdvbravo for API(s) 3.14.0
FormImagesFix 0.0.1 by  for API(s) 3.11.4
BuilderTools 1.2.0-beta3 by CzechPMDevs, VixikCZ for API(s) 3.0.0
EconomyAPI 4.0.0 by onebone for API(s) 3.0.0, 3.1.0, 4.0.0
BedcoreProtect 0.7.1 by matcracker for API(s) 3.13.0
CustomWings 1.0.0 by phuongaz for API(s) 3.0.0
AddGems 1 by  for API(s) 3.0.0
SlapperRotation 1.2.1 by jojoe77777 for API(s) 3.0.0
McMMO 1.0.0 by AkmalFairuz for API(s) 3.0.0
Mockingbird 1.0-beta by  for API(s) 3.14.0
Texter 3.4.9 by yuko_fuyutsuki, mfmfnek0, onebone, ogiwara, Shootsta_ERU0531, Toganon, ShadowArt, Marron0421, No4NaMe, SuperYYT, SuperAdam47, minijaham, VicoSilalahi for API(s) 3.10.0
Slapper 1.6.0 by jojoe77777 for API(s) 3.13.0
PiggyCrates 2.0.9 by DaPigGuy for API(s) 3.2.0
CustomShopUI 4.0.5 by SaltyPixelDevz for API(s) 3.0.0
Sell 1.2.13 by phuongaz for API(s) 3.0.0
DolaShop 4.0.5 by SaltyPixelDevz for API(s) 3.0.0

----------------------REPORT THE DATA BELOW THIS LINE-----------------------

===BEGIN CRASH DUMP===
eNrtPGlz20aWf6WLdu1IE5ICwJtZpSzriDVrWRqLjicbulwNoEEiAtAIDlJ0Kv9933vduEjalm1l
dj7EZZtAH+/udzQa+L3lySTk2fuVSFJfRq1pv93K/FC0pubQtMxJbzi2uiNjaIysdiuPddd4CG39
oTkwYRQMGrdbAU+z8ySRSWv6eyvbxDCsRffn946AeQC73QpFmvIFdr2JXOH5kXCZ9LxUZFNmQr+X
B8GFH+CA0+l8/iYFqubzEzf0Iz/NEp7JZD4/E+ldJuP5/Pbm6pS9EtlaJnfMMixzPo+DfOFHMOf2
bmMH0rmbz9PEmc9fC/c04V52c07X0Ptc9f4oIkFwYc5lGvDILVu68TJGmhQ9GvJRAfgI4B5VYI9q
UI8qoEdbMAFeAFy3phMQJzDkwOUvrScGexzwBxPrcMpiGCQykJmYz/PMD4C1N/gznYqGQl7A1EAk
B36UiYVI2LjNQMh+tPjFnLxjezRU9Vu9d+zP0lCbFQSBkBhPEr75xRy/OwTZPTG/SFAznt6lhbjE
gTUE4XyNJXR+WGgYquNA2r8KJ2sIOhArEcznL/Gn4mBgGNWNUcqv/46lkVwTSxaLQ+QB/1UAj1Jn
Kdwc1ENcFKoye6NP8UAMl6yIzg8yep1HpYJ7Q7NHOHsPwXlb3B2Yo8mWWZUjFU5NXueHZB+2/n5s
SpNHN/RzxSNwDMnBcND/NKqSqs4PIfej2TIR3H0heJLZgme7yAf7kd+KBFzegdWbGFv4FFnzeYOu
zg+Z71S40108w0/jMQe9LTyqRwE+IBCjT4IwJ5NPgbhJpAPeFXwAwRp/GtZgPPoIrDQDUSoYk/0w
bujyCi4PrPHwI2Dev3dkBNaeO1mxWp7zVJxCmEhfSu6KpM32rCLtrq5Asy/lYoGjiiUz+VqPU4IY
jL7ZaSknZHxWMD1zWzCpkrwCYCoAB6YJoxLxW+4n4qDwrQZ4h3jJk+nR0en0iIg9atB6pEk92qG0
RkLn6qaLUBSRh613f7Rb4pvj858UC4E2BfO9H61ksBKhiDJA5IJcnKxV9ELLy+vTqwIttDvSFcjQ
uAd9jP48dWQOizNhx8z4HoaM+9CFv4NyCOQ87ODpPYx46hNNKfs7XOKsFQ++Z9D138cwYk/nIfuO
HYT8HqZDOHx6bx2yDgPdVPeHOP+77w7Z74h0qJGPSuQF+g2gNwcweIPIzEEJeIOANhXg4h4Bb0rA
Yw14UgNcgP7wcc4+PICzD4jwQ0VAcY8EfCgImBiKgInZIADkT7oBCsR9HIB6DuYtNm+1dXt6QvG8
UNK7Q1TRxNoLA8wOwJAZTacLkR2o5l+MdwW0X0wNoLcFwPcOShgYvbNL9+CQHR8zCC9EfX9rAuCM
bER3uhRpNp06EFYy8er57CASa/YTWKFMeqDk9tNN++mHQ4V1sAsE/JcAKDP4KYDg9YFqOH1xfjsD
4gOVJSBKBWm4Awk5IGCw0DIeOUJ6ijZF/2hnAilfcGcJ2s1EmDKeMrpSE8Z7Jmh6lYCiFaw5mWwO
Djs/cNe9hJkKkqJwsmf+H9BhGsZOj2rfNgzVuqNqkgXEHZGRprflDTaP1nfY/qwhtJnHg1QAuX/8
lVv/lVv/lVv/lVv/lVv/lVv/O3Lrdks5sQBz0YjjHlmrMRwos0FF1TZbq9c1R90etud+4OKemjVs
t/z0vStWrSlFMkh7E5lJRwLYvmUBEh+TYtuaDLkw7fHI4txwbXvomuYYLJhzbo+MidnrWUPbRNi5
puWtH7lynbJXMzY7Pzv72TJMiw27PUbI2WRoGOygGKTMjNGY1xY74xmEUsqoz10fY9shO7k6G/Yx
LV/GAB346BK6DyJyiTV9D93vZYr4L1+9mkED3az9iDL3MJYg//eBbyc88UWKsuPuEvhNxNGvqYw6
MEYXAkbX7BrPxv3+2BgNjd6kN554g8HY6024awwGwDqIw7V73tgcmkiZy4EH8JwyPHJ4ENjcuetA
kuu7VHlMQTJ3ECSiZ/oXia2MzfYjnmxovWjcZu+ZwW0hemO3L2BlmkPL9Kyh5Ywm3OI9dziZuGM+
nIy8fhPUXuTAS7f3bNgfjUd9mDMc2g7nIzEYjwdW3xLjgWP1HGsgxs5gwK0tgLjKA1rlmjbr2WQ0
GE2scd/qDwfgdXu2ORrzHgjKGPVME4QzciYT07SbkAK5IAhW13w27hl2v88tx5sMhTcyeoAZGR72
e4blWfBfz3R4f7IDoRNnFCUKQfWeif5oJBxvKBzL7Huu2++bA8FNl/fgZuKOerYH0hK8CSrk2VJT
M3wGSAcjxx47EBz5ZDyYDEcjuw9WPxqPXXtiWZ47cDyn1wQByXTBz/AZkO4O+hzEYMLEkQsWYw8M
UwjRn7j9Yd8UFreNkdsEUV12wrhcpM++YMXVgCX8DmxbyQVoMp71x2IExmo6Dh96Vh/mmQO31x+O
beFO+o4lXNcAkzabYCCZkR+EFm//WW8MhANPHjADgAw+GHmTycTzBu7IcybCGpkOUDPeAhIHBKEP
1jK0jbE9cryx0+ceN0dmb+JMuGmDYky7b4wHPdMVsIxaf5RlOa3NM7GaSRmkNR9XNrVblWfD1dI1
oInn2RJSPszCK2fIZoKH6DF57GMPDIXBcC8ibgcC/AcENnB9rojBm+Bk6Eull53VGzA9qeHHCFNS
gosD+m5nJ69nb9DzroWdQiEDbcssi1Pw/eBIl7ndBf9S8+pHJQzg+x/crztzum0yucPjUm78KDT7
odNgz/x69iqI8/mvQMF8runQLN5c387eXr9+edZgEsl/K5PAhbQlw+2Tio1Gc50dC9gZN9kBf5UH
m8fSlII2n6+RglhRoHKRL9bYFUR0zxeBW1+uRemSJQKdSQrh6qjBLQjlKg8ynxprIqk1NvU76FpN
gZx+EM7y5gqsBK3sJ//evzv9X3poBaEize98uL4DPv279LGk5iDKOISUAEw8REpJfiC4OtWftIY9
AqwxclQDBBK6yRNxI5KwvsartqZ8+pS91OQz7F9cQB7xXwxEjsnnZQQlrp89mgm9Vwigeigoql1+
hRhorjabCo6WwumSZ1tCoKZtGZjmPiF8Ecs1Ce9w37rgDqZcKcgUEP1LrHyZpzfnnaK99RH5ILHV
1SNIh8CAcF6eSsRWSkbdN8TSlEi8zGW04B8eywwKePO5I7GW1Pg/6xJPosz/Sfr1tV82bYWvbc9+
4dsiWWDideqvfOexOHmO24PLGb+D0iTYPKekE0onTVR19RXa2wf6qISHaqzvo9e02dxeb5Qr2+u9
2inZFkib9b9FLh/dgimuHqLus/Of/IRor7KVoqmpbqs76Jy8vHlxYm45/BiqZB/Xzu31hXg08yWg
8/mKSJnPwbfrqxp5nwiIyNspVEg1vuj2/2UForkgdrhSFckDFAOpVlMtuqGpFGMn+r48ocj7SDxo
cBBJCft2KvJx8q8TUT3BqphoNNdZgaz936WNOg1fopELmYQnN5c1boqWz2S8v8pfpRjhnwYz1tcz
U0GczzUR5cWDjOs25uuonr4ULc1sd8u4zlcyuAWSHksnGilYVYn9ATnuer3uCqAEoXazO0pFrl7j
DhYObORk9eZPB69H4ujFJhbJRcATcXUKeUUN/8OXzgWMyCAgzcR9PbdqNG97gS2Lmy3FK7G+4lH+
WKqqIIKh1Sh5OFsneSYvo1U9r9AtTT8AnmCLm39w5+6VlIm7BFk+FkO/AtCoADqfAzpIkFaQTZRE
fZajn3jkBwE/j5wljzLcgqsb377eOqf9vWo7+TCxxjs8tr+tQF4pUjAJpBD4pWlSQdfRPp5AEM9l
mr7/Z879GvtVW9Ol/Nvc/EmecCRiPsf/H6LPG3+x2JzmaSZDzWHDmezp3d4b2NLnGYdJP+bN0s7s
f8NGjgYIrmWXmr2NX6HtAsnRHnBHpO6Er+RpwOvZSdW25WebErnMPrgrG8d+o0xat7j//SJ3a5Vd
BRx0XtDzBX4X4udlyBcivfDvt6J81b7jrD4aRkwofL9W0WH+W4rpLx479gm3598/nJXn+LxCJNv7
kI3m7eze6Ngi472HbOb8Gds2tqItU/uUW5R+y9ZNAxTI5tyRkQw3zUyu1vgZHy0jYcO/j7roduub
ijoNfj4XiiLAMZ83qPu88oWLa2N3W3Oro2nJo+2lGvLMSSBIQnLcsOre1zNXgQQNN4h5mGnv0XQF
8miLPSwAyXe9hVSlvgrqrZ/Jo/686FQj4ktqkBPX/VE09h2Llo8Xto9O+wvBVyLCMx5h+lCPdBvw
GFLj1zLjWbOu3e7Z9kvmg4qpb2Bsi4CHe9kr5+rqul5D0f1nTOrkLuTBBfeT/NGsqgYSiEcivoAH
6eDml+0njd3+WusWPxQlPh7zviG5ERmkGL7jOEB9hb9x8xCOsCoR9T0H3dDcput3J029bPI7+b7+
jCL0Qi8Sd6i+wufD1cJf8wT5v11KmaUZf3/++o0xoKeRM7ngEVnw7ZK7cn2SoJO94kkiI6Nv4ZBX
sv+KXyGk2xxs7uefZ8XlicvD/gjx+pH/K1/ykAKuI2/9gAd86Te98BebS7lZUQk8k3cbSJXiMIzn
cyWlry4RSskdaXFXa353rW/Z1PCBGybfEnpShfmr40xF0lHBRFkx4Dm33UpBtTYrBGPb6vZWCF+8
MbS3Nvl41UCUNW6+vUogMEdV0IXlEb+53Im6unk7xxo0pXLLg2xz49+LADK4L3OT9UzuUz6/gaEI
x4q6lTWf49VDhAIySRFUjKC6C05mL4L6M3G63QlqvUdINB7IaxW4UyDl4aHhTAac5FB7NFA0/Ucr
8GHqU+c2wJmHAvzV1vGL4ugazOh0FK0dHqXkhNUxum6cSPACGZ3Iaj25Ke/YqYw8f8HwJZB5Mo+e
3PKMneQLZlnMMqaDydQcsu+MEZ6WM3AAFKmLHEq8YxEt8D6UmXvcIEWfNcNOhbwTyyQ7Nidmz8LG
9RJY6gR+mh0TRB5FMo8cfNzPNzCaO0tfqLdF0mPIcBAObrh29AkD0OOxOSTc/F5PSo8VdQuQTyhd
oSBDPQpgyzbpedgKgqLUu7iPV7FG4/qe5zs56OqYKF2U55lTkeEeYnpMIqDD7Whkx5FYr3y3akyF
cGtj8JWc47Pzi5M3L2fYqnXzWy6SjcapmxKwo4IgvO7GPE3XMnGP/05/QEx5Jjsp5LJ64soX647r
q/cIjsfYdG/L+w4ath7SOC7U3YR4XOgJwxXFHFJ7nlASSdqn10waigRrYLOlSAUr2Gc8ESxbCgb5
RQoXYCsOqi9jNr7T4AS5K1y4YDtWh7BuZQgzPQSwDTPlnmgzCT1JiiCZnQh+xzYyTzQs5nsMtOh7
PmEABeJbRMEGAb8S6xLckSs8DipM2VpGf8sYRj+eMJQeVF8+Ht3bIIXZ0k8V3+uliFgeLxLuAoDu
PEK7VcCm84ixJ2+XAgljmQQskcsAhD4hCzJIYKEFEE5c1U2kBhLQAKtwJTKSFz4QdARb0rFvbAkR
srLPYkVN1asO2JEu8wxSsqij392asnlLn+B0ApkKd94iyk6CQK4ZLiUgpjjpz1Y+Z/9EE8MxZGvF
SZopQwdGU8/J7vQcBnQxXBMMNAZCQWj2hmlR4nhtpmV3jdgnb30QiIxArtx1WSJSJX4UKx60ZqHg
aZ7QgmYgdFsg0SAc8VvOAxTbwocKja14kAt2oJGCwzlE6AojLBCBXqQDYsdTzlPoJtyv8tAGqYBV
naSbyMED7wxP94IddWnAG5AWmXbBKQ5bQo4rc9AeHv9vMzp/w/Rqh/XQZniQFRjBmEGyAUeMbWEO
KT8NUcBvSb3AE1hZIu99sDABYgCWyHKjkjiUrSbo0kNbxTFok23mZ38D8WUJTXMFejgyma3J7AB4
yGHdWCQWYqOjOZ0SqG1b5WQcSR5FqE4XHZKMSQm0e5V2GQQjfc1Cf7GExZzwdNmuLz5tOCiRJMnj
TLUqgaFgQqBN80XKhUVJ53tdtSD4SvoukL2fArQRtDkJggbr6tYMDQZ31KDS0sDfgx9PNmpR/hhI
G6wHIy5T7bAOQj/DtR2KBbc3kOJ12a0StUHC9VOETdNnqLW1T5Ini4JFu+4oQIWRpcSh5wOJ4JEE
vkqFYLxEiAKlMnLQVo7LlC0kKEriMkWrQEQLIrNDpE2ZgVwAdnLB6oztfzwHmMJ8in4Mp99GP+RC
MZGg3WdJkgaXMnAfGA/B7xUEIdaCKtOw+powcgJvaVVo+tK/PQKFtC6IJPQYzMkh+EQQfJi4F05O
zlcqktWKxGBVjhb3DmQFacWRclzXs/Mpm724vGUvL68uZ+zk5ubl5fktuzl/zSD/+5/z120Gg9js
Gkads7cvrl+es5vX16fnt7fdbRfQkEehpRuR+JLCMbrhFNlzloIcMsmidLUmSB4SApc8Cw3pYIWk
nCyBgiwRuAT3DLaE3H7M1JSJQYaH4S/CYRoZQVZAwPFWblzFI8JxjREEozxN6O6ORkvQmTgoLRYO
JgNKrkiu0qqaW/IAxiXitGK1Z2he08P9JGnOe5rzBU9sWBcdRwaByj3J/eyXLi00JEfPYnoWeO6Q
RzmlHnVKIC3LwQIP20VE2DbBwghVcPU8gKX4DasF2GXXyuMrc4fcQeaBW9LiQwhZR6yiP1WAYyIf
GB0ahuYVsF2Qq9gJkWQ6CkLJm5fIsAi1arYe0akbZl3DyI3W5I5tsD0m1bCO2yJdRJUlgAnNUBuy
m4exyq1UAsd0Rwc7Cn2d4SA9gWgnMgsO8MXaNRSc+LsjYAjZEPYAwwqMLE1zgW4hW4LWFkWuiS4L
sVVUtQtFqgxBp5RdRQ0O/aicsKxxlnl0lxa0n/IYW/0wDyHCQnBNWJH5oyKZKoIUFZVccb1oUdKK
2bUxSLVjTREh7GAOnEPI7ZcaO5Oqa9umMTNCn6fgq8HFElKw9MA6Z5Q3dByo8ETJ2xmQQpkKJI8o
PaBOpRcKSoyPS7DMwDmKw4o7mKblqfgpMOPgKtdFAQZYBGi4nwb1KTucR5F6eWyqAwQkZksZqATT
5hlUrpiHE8kpvsfKdIgh36bqHt2rAostylRTBbcndS0VXehWk02GwNusY9YUSMojxJ2sIAbc9mCo
vXaVxVJBigmkqzjHSobSfJwMjZqsLnsBmSB9aAFTO3Z686YNc4EGG9bX2nfB7ClTUN6zhN8h+FM2
KpLuKh9PSTq1sV124oKjWvLAO4JCUhUJrgAb1qgAKcPdEDSw2kKsgl4NWL0QOb9Hr4YJJg/aymki
av0OXJfNEooXkvLoNzfRTZGFV5UhFhk4aQ3xFGHmcRR39P1W2XOlF2TqfxClqjFfLzScYizUuRTk
8/q1wyrq9ieWmnTYZTd6TsCTBU3gukTVZkIYvYQvkDt8xRzq4jigVAbrzhCIRz/AE1ThaeDj5gkV
0viypEgzdjV7Q5SmwBKybecZw8KdtFyhU1VHt3BDYZZ3cNaUqMUF4Ao7X0yLSuYHfMcdqFB53BJW
MfUzXbemqtJGI49SqWKaNhQTgSm/paCdLiVUtmicRQEjihKVnJvLM85SviqcKG6FFFtG2Fetdw4x
HTyB4FnhY4BS9fJlkTBTsQUmROlKGkN+RulLJJ3AjxnNBTle8Q3IEI0llKuifkX3r30m+a1O0adQ
ppW3KLaE6nsJM9oMUAagvtKmtlForNZ2nupNCfWpCbJDPaej5kxZDAnFyg8QjfJ5ej1rLOi0ebQo
U+oIpwXbsaNdjGrsJe3dv1E13kmIX/igmpTikzJxFKXahaNghMuZKndQDF5TNIHJrym21CYT45FQ
laItFDBb4BcvGO34UThYFhZASqeNwEaUUuwjopJ9WJmMb5Maq/e9ARt+T2MflcZ+MnkCkMA+CkME
YovJ+FtS0yPrxjq6k8cuPmGoeQsHAxAhop3P2kbM5RkhUx82oSWJ8hQJapqpt12Z5o7pfYci2tGc
BusAr8Ms9oQtoGJJK/FUexulhLq7ItKLdc19KmnAcUDGr3QTyzgPCmPUN+j2aYx2ET1yEJQNd2K9
rNG74kqdsiLPpH1MtZsz1REPN5+owlLNKmBofQEh1baAW8kN7b2DXwraaiqXW7M5XkJq5smaRmCV
ddSTonLkUqJmiJQuPmfs+pIojmS0CbFGSPGhewocphXpWPjoflb1EwvksvhikUCtqfaV9CaUqrXx
cyZ32/wRfbCCr8+u8U13vZ2vYwE6hbVQiShn+FEVxJgS4RUD1Nat7fxC6Cklr0xTKWdHqKBQ1a+N
CaIevrBNvrueT1G7rIsOUtQI7aS2ydMG/xgveZvhM3gKWFmZsoDr9QQU0aBC8EARBgTVWwQWtWXE
G5tG+iFOLeDkkJ5BbCMvVjgLDZA0r/oLHDuaVrzWVZ1BBV36ah2RECiOLxIH1Cw6TERIu2F6UrHz
2a0Q6J46hkKan4552m0r7apVUdtk0DAAfKblWWwnLHUjeQysCHSSqT0G7s5CHu9SluV7JSBI1YER
tRWPHqiospWPA3jaRRaRjQc+T3UKD1kXD+OguMMkAGjUupoWSlN9YLe42TNlv1D0hvjZpt2fdwiU
svMqTNYfERAbmEklvqsr7OLRDJXO+yIWBXSK0Cklk1SZ4YuRQKsOt3XyFV6iQV0yfJaDUUFFrwrj
lF28PJlNre9H7cHk3mz37ntt63vze1c4UvnYA3xhlT6GdTw2lCtWd/3BoUp71G58vbBVKxxjC8hY
7zpR6kHbRqA1Z8PU50HypHDKRTaflPv45HEADoQqh56TpIXAOsUzALAFld89uSBXQ6hofANITpmC
/oBbraVDyVa32iCT9GkkJu7B8aW6EHLuMF9OKekHidg+ZKobVTPTOOSXPoEVqDCi1ozikuBDMpKU
vrrVbuEpjSildyOnv+tXpapPVNiO/tJA2YLPXyKXJ402Gb53ZQbOsNGqP5tXNeRJUL9HF1G/9/yA
TuxULYuw8cGMJYSP+r0Pq2xVb8DPYNCT9REdJQlt9TCpPgQzMSDfrbfFTpPr18LThXhjJrn9tNkE
CUpYb7m9eVm/DTfpbwF95UNfsQGeFbZwF5518KMhA6NvjODy6SUsiZHjwN/JUAxHA2/ojiwxcDzD
s4Yjrz8W5nDkWNy2rR57CrAzeSciSA8aEttwehaJR0zw0xof/Fgdvx6oW/WFhXI03N6HTZ1IZMcy
jJ5pWnhI5ebsuiEqV74nVrYboclvqhPcRZSmjYG3PjqEf101ZLRFAdxiSdpkCxrXib9lHbVvaeBh
GRM/BQMEL5vGWUXr95SM1b9TgkbiL9T3SwiKOsdNIPF4BgqAHJprF9/KQDtONnEmqaFHDQt3R+d+
w0xINr16UyJgNeCyW+TKGBU5f/zxf+D+Czk=
===END CRASH DUMP===
