PocketMine-MP Crash Dump Sat Feb 6 06:42:50 +07 2021

Error: Argument 1 passed to pocketmine\entity\Human::setSkin() must be an instance of pocketmine\entity\Skin, null given, called in C:\Users\Administrator\Desktop\SPMC Network 2021\plugins\boss\src\phuongaz\AuraBoss\Entity\ViThu.php on line 43
File: pmsrc/src/pocketmine/entity/Human
Line: 163
Type: TypeError

A PLUGIN WAS INVOLVED IN THIS CRASH
BAD PLUGIN: Boss_Quai v2.1

Code:
[154] 	 */
[155] 	public function getSkin() : Skin{
[156] 		return $this->skin;
[157] 	}
[158] 
[159] 	/**
[160] 	 * Sets the human's skin. This will not send any update to viewers, you need to do that manually using
[161] 	 * {@link sendSkin}.
[162] 	 */
[163] 	public function setSkin(Skin $skin) : void{
[164] 		$skin->validate();
[165] 		$this->skin = $skin;
[166] 		$this->skin->debloatGeometryData();
[167] 	}
[168] 
[169] 	/**
[170] 	 * Sends the human's skin to the specified list of players. If null is given for targets, the skin will be sent to
[171] 	 * all viewers.
[172] 	 *
[173] 	 * @param Player[]|null $targets

Backtrace:
#0 plugins/boss/src/phuongaz/AuraBoss/Entity/ViThu(43): pocketmine\entity\Human->setSkin(NULL )
#1 plugins/boss/src/phuongaz/AuraBoss/Boss(156): phuongaz\AuraBoss\Entity\ViThu->__construct(object pocketmine\level\Level, object pocketmine\nbt\tag\CompoundTag)
#2 plugins/boss/src/phuongaz/AuraBoss/Boss(182): phuongaz\AuraBoss\Boss->makeEntity(integer 15, array[13], object pocketmine\nbt\tag\CompoundTag)
#3 plugins/boss/src/phuongaz/AuraBoss/BossCommands(35): phuongaz\AuraBoss\Boss->spawnAllBoss()
#4 pmsrc/src/pocketmine/command/SimpleCommandMap(248): phuongaz\AuraBoss\BossCommands->execute(object pocketmine\command\ConsoleCommandSender, string[4] boss, array[1])
#5 plugins/Core/src/phuongaz/LOCMCore/Task/DungeonTask(20): pocketmine\command\SimpleCommandMap->dispatch(object pocketmine\command\ConsoleCommandSender, string[14] boss spawn-all)
#6 pmsrc/src/pocketmine/scheduler/TaskHandler(137): phuongaz\LOCMCore\Task\DungeonTask->onRun(integer 1)
#7 pmsrc/src/pocketmine/scheduler/TaskScheduler(179): pocketmine\scheduler\TaskHandler->run(integer 1)
#8 pmsrc/src/pocketmine/plugin/PluginManager(654): pocketmine\scheduler\TaskScheduler->mainThreadHeartbeat(integer 1)
#9 pmsrc/src/pocketmine/Server(2390): pocketmine\plugin\PluginManager->tickSchedulers(integer 1)
#10 pmsrc/src/pocketmine/Server(2153): pocketmine\Server->tick()
#11 pmsrc/src/pocketmine/Server(1993): pocketmine\Server->tickProcessor()
#12 pmsrc/src/pocketmine/Server(1587): pocketmine\Server->start()
#13 pmsrc/src/pocketmine/PocketMine(286): pocketmine\Server->__construct(object BaseClassLoader, object pocketmine\utils\MainLogger, string[49] C:\Users\Administrator\Desktop\SPMC Network 2021\, string[57] C:\Users\Administrator\Desktop\SPMC Network 2021\plugins\)
#14 pmsrc/src/pocketmine/PocketMine(316): pocketmine\server()
#15 pmsrc(11): require(string[104] phar://C:/Users/Administrator/Desktop/SPMC Network 2021/PocketMine-MP.phar/src/p)

PocketMine-MP version: 3.17.4 [Protocol 422]
Git commit: 2e9117d102b1b5c734292ff0bcdcbc49e3748a89
uname -a: Windows NT TEDDY2012 6.3 build 9600 (Windows Server 2012 R2 Datacenter Edition) AMD64
PHP Version: 7.3.13
Zend version: 3.3.13
OS : WINNT, win
Composer libraries: 
- adhocore/json-comment 0.1.0@8448076039389f558f39ad0553aab87db3f81614
- daverandom/callback-validator unknown@unknown
- pocketmine/binaryutils 0.1.13@0abee38d4e2861621f262c79a2a3d699d8a697f4
- pocketmine/callback-validator 1.0.3@64787469766bcaa7e5885242e85c23c25e8c55a2
- pocketmine/classloader 0.1.2@9757928424652393b178a3760073113aa7c9911b
- pocketmine/log 0.2.1@830b44a2cf96ef703c550abe64302f230231ca49
- pocketmine/log-pthreads 0.1.3@e477ecf6ec214fdd4415ea1da3fdd9d73bf699ea
- pocketmine/math 0.2.6@43057cb8c179a9859677b496a788db922fd5cfc3
- pocketmine/nbt 0.2.16@be6d54a8a314967d938b501eee49d4641e2ab07d
- pocketmine/pocketmine-mp 3.17.4@2e9117d102b1b5c734292ff0bcdcbc49e3748a89
- pocketmine/raklib 0.12.10@48e70551cca6f2409115d3468bed94c2edd08f31
- pocketmine/snooze 0.1.4@382ab149f01ecca0a57f999ff5d7fc9e271c3268
- pocketmine/spl 0.4.2@6b08b7cf8c4afa17139c9a1b3bf1b408531de161

Loaded plugins:
DevTools 1.13.0 by PocketMine Team for API(s) 3.0.0
PurePerms 1.4.3 by 64FF00 & ProjectInfinity for API(s) 3.0.0
WorldProtect 2.3.8 by aliuly for API(s) 3.0.0
BuilderTools 1.2.0-beta2 by CzechPMDevs, VixikCZ for API(s) 3.0.0
MultiWorld 1.5.2 by CzechPMDevs, VixikCZ, fuyutsuki, kaliiks for API(s) 3.0.0
CustomWings 1.0.0 by phuongaz for API(s) 3.0.0
MSpawns 2.2 by EvolSoft for API(s) 3.0.0
DEVirion 1.2.5-ALPHA12 by poggit, SOFe for API(s) 3.0.0
BravoClan 1.1 by Itzdvbravo for API(s) 3.14.0
iProtector 3.1b by LDX for API(s) 3.0.0
InvCrashFix 0.0.1 by  for API(s) 3.14.0
PMRequisites 1.1.0 by  for API(s) 3.0.0
PureChat 1.4.11 by 64FF00 for API(s) 3.0.0
Slapper 1.6.0 by jojoe77777 for API(s) 3.13.0
Point 1.0.0 by AkmalFairuz for API(s) 3.0.0
AntiVoid 1.1.0 by FiberglassCivic for API(s) 3.0.0
LOCMSkyblock 3.1.3 by RedCraftPE for API(s) 3.0.0, 4.0.0
StaffMode 0.0.1 by Eris11dib for API(s) 3.0.0
AutoInv 0.0.10 by JackNoordhuis for API(s) 3.0.0
SlapperRotation 1.2.1 by jojoe77777 for API(s) 3.0.0
TapToDo 2.3.0 by Falk for API(s) 3.0.0
PiggyCustomEnchants 2.3.0 by DaPigGuy for API(s) 3.14.0
VanillaEnchantments 4.0.0 by TheAz928 for API(s) 3.0.0, 3.1.0
FormImagesFix 0.0.1 by  for API(s) 3.11.4
MineLevel 1.0.0 by TungstenVn for API(s) 3.0.0
OreGenerator 0.1 by phuongaz for API(s) 3.0.0
BurgerCustomArmor 0.0.4 by Heisenburger69 for API(s) 3.0.0
Minion 1.0.4 by phuongaz for API(s) 3.0.0
DailyMission 0.1 by phuongaz for API(s) 3.0.0
Core 1 by phuongaz for API(s) 3.0.0
Boss_Quai 2.1 by phuongaz for API(s) 3.0.0
LCoin 1 by phuongaz for API(s) 3.0.0
FormAPI 1.3.0 by jojoe77777 for API(s) 3.2.0
EconomyAPI 4.0.0 by onebone for API(s) 3.0.0, 3.1.0, 4.0.0
AddGems 1 by  for API(s) 3.0.0
SeasonPass 2.0.0 by TungstenVn for API(s) 3.0.0
ChestShop 5.1.0 by  for API(s) 3.11.1
Sell 1.2.13 by phuongaz for API(s) 3.0.0
Texter 3.4.9 by yuko_fuyutsuki, mfmfnek0, onebone, ogiwara, Shootsta_ERU0531, Toganon, ShadowArt, Marron0421, No4NaMe, SuperYYT, SuperAdam47, minijaham, VicoSilalahi for API(s) 3.10.0
DolaShop 4.0.5 by SaltyPixelDevz for API(s) 3.0.0
CubeBox 1.1.0 by TheAz928 for API(s) 3.0.0
CustomShopUI 4.0.5 by SaltyPixelDevz for API(s) 3.0.0
AuctionHouse 1.2.2 by Shock95x for API(s) 3.0.0

----------------------REPORT THE DATA BELOW THIS LINE-----------------------

===BEGIN CRASH DUMP===
eNrtPIly20aWv9JFpzZylhcOnim5LEty7F3J4phyMrOhy9UAGiQiAI3gkERn8+/73uvGRcmSbGsy
U1tOzchgo/vdZwONPzq+TCOef7gUaRbIuDO3u508iERnbowNczSejibD/sgeTS2j2ykSdcvuW8Ph
ZDqdTmbWzB7hrZBn+XGayrQz/6OTbxOY1TmHf9RYtxOJLONrHD1I10Uk4pwZLOFZJjyWS5ZI90Lk
URCL1QruBfl2tXpVRDyezzORLy+CeO8pi4osZ45gPGZBnOU8dgWT/q1rcUWXxUUYsnVwKeDa5WEI
uIKYHc5Xq3cZ8LtaHXiwLMjylOcyXa2ORHaRywSWL04P2RuRX8n0gplD01itkrBYA9bVypEZ/M1S
F8Y2hYzX/CMAKlL+gm4cawp+Ds43RT/ZJEzGLATimG2BHHwg6WUQoiCSDU/ng8HhfEDUDFrEDDQt
gxukDBbE7ymA7J0u+ghlANQMajEMlBQGJEAkAfFqnBFOvWM6TEViUf0WWELKXbj+tfNkyLQABsi/
gqC5H5TMDxTvA2J9z7aezj+t196zUq9v3p2csKeA94nxEBz4Z88YjRH4feLvPfvwwZVgKmnh5nvS
+U24eYukUFyKcLU6wX+67JYJsZOvVjlfr1aHMkpkEXvnfE3Emg8ndmp+glj823sW8QuhyN4L4lys
RcqMUZfxNOXbXw3r/WcSZj2UMFgIivCyPWt0J31Zwq/igzAkZgiFzW61I1cBHCyDKAmFBn/Kkz3T
nt6BoaSj90xcC7fIxW2a0rCR3TiTFfSliD2RdhmoOIjXv9rvGTJdCe89kTuqJHIoU9GWyMnZ4SmN
nvPsYnBUxGshY7zeM4c79luRsMtf75kXgJByd/PllBuadEbS7kGwItLHt0s6czfCK0KREtmvABxc
7xnWpCXmkrfVCmdBeKu56z2T8dsirg2OsE0egm1Z/tozJrMdEVUzFUpNWO9ZegPV9HZUSlGDBf1z
ymNIGeneeGTfjaciCZ0piM83qeDeK8HT3BE838E8ux3zUqSQA/dMa7ard0XTatUiqvcsD9wacbaD
xBjejcUY7UZHdUeBVV5mGHfCMGazu2AsUulCzpWpBmbeDWw0nXwCGCTaNNdArNuB1Blpz5yOPwHn
llD8gmfiECqH7ERycoZb3KfIgxACxSno9USu101nn73/wlxegRhN3n9tOaAEY98rGMvYFUymRK8A
jBSAPcOAWan4vQhSsVfGhiEEh8euFp523v/Z7YhvJdv9JdsXlE4gWoX9QxBfyvBSoPgASBB7oFg3
75T3YQyJ+PC3ggcw6EpPoDqMkQ13Vjn7YQCjxmhEv5LCCQOX+UXs5lCss3Ul5znDiz9o7pjmrvJU
5EUas+/yTYBZHO7/SPcndP9Pup7CNV3MaHDwww/4azzUyNlS5BnLN4JtkMPvIT0BmD47B5DsKgBV
xTJnGaQy0PCWFYnHc4HGcRmIK1BXl21lwWKhLMaTAIrnDCAVoFqYn4F5E0KjRPjHc5DhBYFEjv7s
022zKYyxdaswSqPDP+w7pBPFcikDj8QytrVY6Fbv2SUPA6R27ylJZTwqb9fiYvsKjpowvjkBEr9w
Qsnzn4SMRJ5uj3jOS4ANMY9LMY9bYp40xAz1zw05o8xwLEuEG/gBCDEEwyf/CfkWxNtnr33lMaAO
choG7RyDgA2WAcKnxQiIVAVumKET55KQVyIHVZT6ImlPSmnTD6uc9jzhKY/YglD/+v5/Ce93Glfn
z2/Nwrdm4Vuz8K1Z+NYsfGsWvjUL//+ahW5nLWKR8hDL05jjNnCnNR0oc0BF9U5yx+obk76N40UQ
elAXT81JtxNkHzxx2Zn7PMwElMGpzKUrAaxtmoAkwDLZFDPDmHjG0HQMZ+ROLNucmb4/dFzPdVx7
JqyJPeXTGcAuNC2/QGktrzL25pydHx8d/cMcghWP+xYj5Gw2Hg7ZXjlJmRmjOW9NhmWbCxUHDB17
AVaTT9nB6dEYacft03ln0gdmsBn4CJGYWNO/4fYHmSH+12/enMMA/bgKYirmIdmC/D+EgZPyNBAZ
yo57G+AXkshvmYx7GPBVazDsG/3h86ltT4eT8dCaWdOZPxpNfWvGveFoZHHuTCeeY/lTKJeRMo8D
DxA0ZTTATsnh7kVPV7XY04FkLmJ5FT/X/yKxtbE5QczTLfmLxm1Yz4fcEcKaerYAz4Sq2/DNselO
ZtzkljeezbwpH88mvt0GdSty4KVvPR/bk+nEhjXjseNyPhGj6XRk2qaYjlzTcs2RmLqjETd3AKKX
h+Tlmjbz+WwymszMqW3a4xGEXcsxJlNugaCGE8swQDgTdwY247QhhXJNEMy+8XxqDR3b5qbrz8bC
nwwtwIwMj21raPom/LEMl9uzGxB6SU45ohSU9VzYk4lw/bFwTcP2Pc+2jZHghsct+DHzJpbjg7QE
b4OKeL7R1IyfA9LRxHWmLuRFPpuOZuPJxLFnYz6ZTj1nZpq+N3J912qDgEKu5Gf8HEj3RjYHMRiw
cOKBxTijoSGEsGeePbYNYXJnOPHaIOrLXpRUTvr8MzyuASzlF2DbSi5A0/C5PRUTMFbDdfnYN+0h
AB15lj2eOsKb2a4pPG8IJm20wWSxlB+FFq/93JoC4cCTD8wAoCEfTfzZbOb7I2/iuzNhTgzXMqGp
agNJQoJgg7WMneHUmbj+1LW5z6HXsWbujBsOKMZw7OF0ZBmewK7zz6pRJ988EpfnUoZZI8ZVQ91O
HdnQW/pDGOJFvpFphl1PHQzZueARRkyeBHgHpsJk+C1i7oQC4gckNgh9nkiw74MpcC+Tfn7UHMDi
pIEfM0xFCToH3FueH7w9f4eR90o4WZAjvZs8TzKI/RBIN4XTh/jSiOqDCgbwvShSsRBp1OS2Hmuz
a/etNrdj++VLiKj/waB0wDT8OvYhw+Tbx2L7g0IAhVRJUeOylsDibHn+y9nbk6N7ZYBrdWFfwwEp
/CLT0AMmctyVqQXRGm7KwoTIP23LAsJeET4a5wraanWFFCSKAlXSfLbiT6Ew8AMRek2vL9ubPBUY
kzLIeoMWtyCUF5gzRbrrC63htoGY/WHPETmF8oZoDj8Kd7M4BbPDBT8H18HF4f88lqRcBJ5EUE3g
Hp+iLVe+skPp51pLg+xBCxTI5rQI84AE1pBMY7Atl1H/QRLBB8OQjbPiAncBL8AGgovsnyKnCCkl
2wKjalL9NTJqAAIJHRZZLiOotdZN42mOtmU03A2lZVf6WAKou9wGEdDyqhLjHtZJ50tstJvclCPt
0LCj6+NLGS6BpsfiQyMFxVXYHxAQrq6u+gIoQaj9/AL5OTr+OUiJ6DrPlUO7fj3qHZwsXh0YO7wl
0F8FGBqXZy/FoymKgK5Wl0TKagUmq68a5N3BMsWulF9KaBSbzNVjO1m8zdPr/KN36eDcFkOG/bkc
dZZY4b8qvE7NWw0cwlNJz25g/7QJBjo8q8c1mq/GYJMxINlpc3Zy9PfH0hGAWq1qxA/j4Jb4AXB6
p4eL40GDCeDzdXx5mPJs8zK4bjDaHG1yCnzsKPHrFFezGRW/Z2iKQXzpImY/uP6ciLE4fYt9OY60
6qvm8I4t7kTBR1LXq20i0pchT8XpIZRQDfwPtz0smA43PN8pFGlot040jNsKxc8yvkYVetOzXnJ6
3JOB0QCiv0OAkEW2OO6V451P1JBIbH31CBUkgQHhLEOeJKLpleVIWzTj3Sz3m/xNign+14421pcr
O1OYv9gna5IGJROofhnELd3T73ty+MFFxMOXPEiLR0vjDZDAoXt6evZwEz6I8+BnGTRrtmrobj/s
vAwcka5xT+IwuAzcx+LmRSp4vjnnF1CMhNsXtB+zWpVE1VdfoMbbQA8qeCAN3OxfXmydENqChkRa
wzsJZbcBfCs8iMh+vjjeFUiX2V8jlxrwagXXQM8LpAdfEFBXD1H3Mue+f6ofppduWY3dnUE6x2mQ
GYYXOI+l6gogMFESUV4+1H6LXEISbJqvHrnBzI75/hd3L95ImXobiPuPxdFvADQuga5WgA5iwiU+
rCuJul9FKsC8lTnP26Xo7p3ditR4UBz9Cu52CHh4lDnnybk8kg1eypHdLYTdGMPDi8eiPudJLj2J
T7tK3Pdn+GC93qrm6Dh2NzzOW1XLLXfvYeiIw6Kfim3nseqxEiDk8JvU3Dr4BYGzRDK4BdwA5fQz
j4Mw5HoMd+6bcrrtblNO9s00eb4RBx9n5vSG8rsUdL9YXJeKFHyQnIovkERJ1+A2nkAQL2UavY74
WmTtQr09/hmlOtSOX1uq41GGgHBTsf5Qp8WNUXqpo9neV2P3lDnnRbzOchH/HD+W+9YQgYWSjMbl
Q1g6S8VP9LSu3S62htu6Mf6qHZgmDZ/TUL0o0rVIlUsepFGLr5v3dg3PbrP3SgSZiB1aNp49FpNt
qLgJuUPWw2yy4YU7dCpjbSdLPbBrpvY/V5+HJwdHtJ2o0D/c2Y54EG5Pgyzb2X1qDv+LLLNJAzJW
EnMvTxRiGxudKuI29PFXcVC/w/MZflW9fdrwp8Ybqc0s/5cx0n7n6yFsnBzKoGlQ6ve/RAuuxBeA
NP57CceEebB4vZNCcaTt0tYDtw/MryjqK4irlSaiungIK8eujGW0bXPTGLynFJKxcOD/n6yEup2v
6is1+NVKKIoAx2rVou7+JszzfhKt56XlyKcN7dHN65XglwIMDPE+NOouBc9kvOBZk/bGYNvN/+Ii
p6ajef2gwLsRWb7cyKQZfauxJlOjO7dXDXwS8JXFp4t4sw2+Afbw4LsUYdjSSBje7HatRwhcTTd8
kJVlQMpn9L3iOm9tgeqB9h6S3Z+1WdkWF/JD88Fn5Ed+LC5QU2U0gKt1cMVTfJkG1CrzLOcfjt++
G47oLZJzueYxpenlhnvy6iDFnclTnqYyHtomTnkj7Tf8FCEtC+jq//GP8/LywOORPUG8UMX8xjc8
okeyrlwGIQ/5Jmh3r59t71UobzTn8mILrXkSRWAoSkpf3KNVkhtocWN9JUO+4xHV0G78HbW1seRh
vl0E1yKE0u6fYl5tDOXTWKTtHWQaTeP9Xl844oW8bj1aViP3bOR+std+BNZK2MgUEfM5YaAphxtP
zPXwv7XyLs2HqQ+NGGw4Q1AJguqvudrdpIc3r2SRidYWZ2N4Ny7uPI8G9O7FbHT9dRmqXa40nzo2
HrJoTLjtSfRtkD4sWlvU3qN1fPEMD9QIcNyd98fKd29hRa+naO/xOKNopN4D7iephPiV0yulnSeL
6hc7lLEfrBmeWVulq/jJkufsoFgz02TmcD6azY0x+8/hBF/3HeKEkMfrgq/FvojX+DuSubffIkW/
LIs3FfJeItN835gZlomDVxtgqYcnk/YJIo9jWcQuvmiEJ4V63N0EQh2Ay/ahs0I4dGxBv9sEIts3
xoSbX+tF2b6ibg3yiaQnFGRfpgC2GpO+j6MgKA+ftpe/k8tEo/EC3w/cAmxtnyhdl/sOvUzkOb4D
sk8iwF2VHprcfiyuLgOvHsyE8Bpz8JDk/tHxy4N3J+c4qnXzeyHSrcaph1Iwo5IgvO7juckrmXr7
P9B/IKYil70MSjm9EE9g9bxAnZHcn+LQtSOve2jiekrrfcf+NsL3HZ8wzNHMJbVD10RH4VD7dBKs
pUiwBgZhKsNjYIp9xlNBh8Qg0WbqbJ6L6qMjm0HshoWnzl/esDqEtZQRHebMb8LMuC+6TMKdNEOQ
zEkFv8DDgKmGxQKfgRbVsTZAJVM8FhluEfAbcVWBG3jC56DCjF3J+Puc4cY8TxlKLwJmXTpHiEfl
8EQi8X21ETErknXKPQDQX8VotwrYfBUz9uSXjUDC8HSdOrkYhvoVf5BBCo4W8lwdWNSkhhLQAKtw
JXKSF76X4gq2oSMrOBIhZGWfpUfNGb3hjjeyTZFDbRL39JHaOVt19Cvobigz4a06RNlBGMorOuQH
xJTnkNhlwNnf0MRwDtla+Q7fnGFAo6XHZHd6DQO6GPoEA42BUBCas2ValDhfm2l1u0Hsk1/wsKCM
Qa7c81gqMiV+FCueFWER1OhFSg6N5w4dgUSDcMTvBQ9RbOok4iUPC8H2NFIIOE8RusIIDiIwivRA
7HhMYw63CfebInJAKmBVB9k2dvG8DsPjCXg2kSa8w9PHaNolpzhtA8UeRF2Ww/Ssy+jtNqa9Hfyh
y/BNfGAEswfJBgIxjkVFDBaEUxTwJakXeAIrS+V1ABYmQAzAElluXBGHstUEvfbRVnEO2mSXBfn3
IL48pWWewAhHJrOzmO0BD5AomEliITZ6mtM5gdq1VU7GkRZxjOr0MCDJhJRArz5mfQZ5WV+zKFhv
wJkxeXWbzqcNByWSpkWSq1ElMBRMBLRpvki54JR0QMFTDsHxOK06tnsLBWgjaHMSBA3W1W8YGkzu
qUmVpUG8hziebpVT/hRKB6wHszFT4+AHUZCjb0dizZ1tDhJnSyXqIQk3yBA2La8PJGuLAqe96ilA
pZFlxKEfpHQcHains7DMT4UoUSojB20V6KZsLUFREt0UrQIRrYnMHpE2Z0PkArBTCFaHBP7tOcAi
5i76MZ1+Hf1QFibq6LEKcRVJGlzGIHyo7whUBCHWkipjaNqaMAoCv5BXaPqy7x+BQvILIgkjBnML
SD4xJB+mzpSidUtFsvJITFbVbHHtQlWQ1RypwHV2fjxn569eL9nJ69PX5+xgsTh5fbxki+O3DOq/
/z5+22UwiZ2fwaxj9surs5Njtnh7dni8XPZ3Q0BLHqWWFiINJKVjDMMZsuduBAVkkkUVag2QPBQE
HkUWmtKDQChUkCVQUCUClxCewZaQ20+ZmjIxqPAw/cU4TSMjyAoIBN46jKt8RDjOMINglqcF/Zuz
0RJ0ZQ5K02fclVyRXKVVtbbiAYxLJFnNqjXUvGZPbydJc25pztc8dcAveq4MQ1V7Uvi5XbrkaEiO
XsX0Kojc1ScMmpRAWVaABT7tlhlh1wRLI1TJ1fcBluI3qh2wz85UxFfmDrWDLEKvoiWAFHIVs5r+
TAFOiHxgdDwcal4B20sKFTdSJJmOglDx5qcyKlOtWq1n9JqG2dQwcqM1ecM22C0m1bKOZVkuospS
wIRmqA3ZK6JE1VaqgGP6Rg9vlPo6wkl6AdFOZJYcwC9I8uDq/BYBQ8rGz1JsoPgGG8wKgWEh34DW
1mWtiSELsdVUdUtFqgpBl5R9RQ1O/aScsK1xN0V8kZW0H/IER4OoiCDD4tFuVlb+qEj9eQdFRS1X
9BctSvKYmzYGpXaiKSKEPayBC0i5dqWxI6lu7do0VkYY8xR8Nbl0IQVLT2xyRnVDz+W491npBUih
SgWKR5QeUKfKCwUl4diRMLVGcVhzB8u0PBU/JWacXNe6KMAQmwAN925Qd9nhKo7V6de5ThBQmG1k
qApMB8/oUx1OJEPNBCakUwzFNtX36LvVJzbKUlMltydNLZW3MKym2xyBd1nPaCiQlEeIe3lJDITt
0VhH7bqKpYYUC0hPcY6dDJX5uBgGNVl99goqQbClfSrt2OHiXRfWAg0O+NdV4IHZU6WgomcFv0fw
52xSFt11PZ6RdBpz++zAg0C14aE/gEZSNQmeABvWqAApw90QNLCGI9ZJrwGs2YgcX2NUwwKT4wc3
UOaIWh/i7bPzlPKFpDr63SJelFV43Rlik4GLriCfIswiiZOe/r3T9pxqh8yCj6JSNX1sRWuYPp6i
aymo5/W56Trr2jNTLXraZwu9JsTPo+ACrltUbSaE0U/5GrkDdQFbWRJSKYN9Z4RfPoI4wFNU4WEY
4OYJNdJ42ltkOTs9f0eUZsASsu0UOX2Lh7Rco1NdR78MQ1Fe9HDVnKhFB/CEU6znZSfzjBnYweg6
bgNeTPeZ7lsz1WmjkdPXKXCZNhQDgam4paAdbiR0tmicZQMjyhaVgpvHc84yflkGUdwKKbeM8F7t
7xxyOkQCwfMyxgCl6vR4WTBTswUmROVKluD3hrB8iaUbBgmjtSDHU74FGaKxRPKy7F8x/OuYSXGr
V95TKLM6WpRbQs29hHPaDFAGoL6kqrZRaK7WdpHpTQkXX8tVcUGv6ak1c5ZAQXEZhIhGxTztzxoL
Bm0er6uSOsZl4W7u6JazWntJt+7fqB7vIJJFTB8UUvmp/D5Q+X0hSkboztS5g2LwmrIJLH5LuaWx
mBgvv/VUfmzIET5aJO34UTrYlBZASqeNwFaWUuwjoop98EzGd0lN1CcrAJuABHAblcPbyeQpfgCH
8dIQ8SNLejH+W1FjkXVjH91T37XKGtHCxQREiGjns7ER8/qIkNE71Bm5JMpTpKhppo7rM80d0/sO
ZbajNS3WAV6PmewJW6f4eLQST723UUmof1NE2lmveEAtDQSOQmjdJDIpwtIY9Q8M+zRHhwiLAgRV
w71EuzVGV/TUOSvrTNrHVLs5c53xcPOJOiw1rBKG1hcQUm8LeLXc0N57+PWznaHK3drDyQZKM182
NAJe1lPPyKqZG4maIVL6+MCtH0iiOJbxNsIeIcP3ezPgMKtJx8ZH32f1fWKBQhZfr1PoNdW+kt6E
Ur02fv/qYpc/og88+OzoDD/VobfzdS7AoHAlVCHKwXWuCGNGhNcM0Fi/sfMLqaeSvDJNpZwbQgWF
qvvamCDr4RcnKHY36ykal03RQYkao500Nnm6EB+TDe8yPOZLCSuvShYIvb6AJhpUCBEoxoSg7paJ
RW0Z8damkX6c00g4BZRnkNsoipXBQgMkzav7JY4bmla8NlWdQwddxWqdkegrazC/LBxQsxgwESHt
hulF5c5nv0ag7zQxlNK8O+fpsK20q7yiscmgYQD4XMuz3E7Y6EGKGNgR6CJTRwzcnYU63qMqK/Ar
QFCqAyNqKx4jUNllqxgH8HSILDMbDwOe6RIeqi6OX6zSv7AIABq1rual0tQ9sFvc7JmzXyl7Q/7s
0u7PewRK1XmdJpuPCIgNrKTSwNMddvlohlrn2zIWJXTK0BkVk9SZ4bFjoFWn2yb5Ci/RoC4ZPsvB
rKCyV41xzl6eHJzPzR8n3dHs2uha11bX/NH40ROuVDF2D4/Kuxhc96dDFYrVL3v0VJU9aje+2dgq
D8fcAjLWu05UetC2EWjN3TL1faMiLYNyWc2n1T4+RRyAA6nKpeckWSmwXvkMAGxB1XdPXlKoIVQ0
vwWkoEpBf5OyMdKjYqtfb5DJhHpBcQ2BL9ONkHuB9XJGRT9IxAmgUt2qnpnmIb/0ec9QpRHlM4pL
gg/FSFrF6k63g68rxBkd15v/od+frL+x47j6UynVCD5/iT2etsZk9MGTOQTD1qj+kGk9UKRh8zeG
iOZvPwjp1ZV6ZB21vvizgfTR/B2Al102B/A7PvRMekIvHESOepjUnIKVGJDvNccSt831W+HrRry1
ksJ+1h6CAiVqjiwXJ82f0Tb7PaTPFOkrNsJ3703chWc9/OrRaGgPJ3D53WtwiYnrwv9mYzGejPyx
NzHFyPWHvjme+PZUGOOJa3LHMS32HcDO5YWIoTxoSWzL6Vmkqd87/hgk6gWMkfqpPhFTzYaf11Fb
JxLZMYdDyzBMfEdocXTWEpUnPxAru4MwFLTVCeEizrLWRPUFvr+ftmS0QwH8xJa0zRYMXqXBjnU0
PgaEL1sa+C0rIHjTNs46W3+gYqz5oSU0kmCtPsBEUNQ7zgQSX2xAAVBA85zyYz9ox+k2ySUNWDSw
9m7oPGiZCcnGag6lArwB3W5dKGNU5Pz55/8Bof7ySw==
===END CRASH DUMP===
