PocketMine-MP Crash Dump Tue Feb 2 20:14:10 +07 2021

Error: Undefined offset: 0
File: plugins/Skyblock/src/RedCraftPE/RedSkyBlock/Generators/IslandGenerator
Line: 91
Type: ErrorException

THIS CRASH WAS CAUSED BY A PLUGIN
BAD PLUGIN: LOCMSkyblock v3.1.3

Code:
[82]       // var_dump($x1);
[83]       $counter = 0;
[84] 
[85]       for ($x = $islands * $interval; $x <= ($islands * $interval) + (max($x1, $x2) - min($x1, $x2)); $x++) {
[86] 
[87]         for ($y = 15; $y <= 15 + (max($y1, $y2) - min($y1, $y2)); $y++) {
[88] 
[89]           for ($z = $islands * $interval; $z <= ($islands * $interval) + (max($z1, $z2) - min($z1, $z2)); $z++) {
[90] 
[91]             $block = explode(" ", $blocksArray[$counter]);
[92]             $blockset = Block::get($block[0], $block[1]);
[93]             if($blockset->getId() == 54){
[94]               $nbt = Chest::createNBT(new Vector3($x,$y,$z));
[95]               $tile = Tile::createTile(Tile::CHEST, $level, $nbt);
[96]               if($tile instanceof Chest){
[97]                 foreach($items as $item){
[98]                   $tile->getInventory()->addItem($item);
[99]                 }
[100]               }
[101]             }

Backtrace:
#0 plugins/Skyblock/src/RedCraftPE/RedSkyBlock/Generators/IslandGenerator(91): pocketmine\utils\Utils::errorExceptionHandler(integer 8, string[19] Undefined offset: 0, string[123] C:\Users\Administrator\Desktop\SPMC Network 2021\plugins\Skyblock\src\RedCraftPE, integer 91, array[15])
#1 plugins/Skyblock/src/RedCraftPE/RedSkyBlock/Tasks/Generate(26): RedCraftPE\RedSkyBlock\Generators\IslandGenerator->generateIsland(object pocketmine\level\Level, integer 500, integer 4, NULL )
#2 pmsrc/src/pocketmine/scheduler/TaskHandler(137): RedCraftPE\RedSkyBlock\Tasks\Generate->onRun(integer 344018)
#3 pmsrc/src/pocketmine/scheduler/TaskScheduler(179): pocketmine\scheduler\TaskHandler->run(integer 344018)
#4 pmsrc/src/pocketmine/plugin/PluginManager(654): pocketmine\scheduler\TaskScheduler->mainThreadHeartbeat(integer 344018)
#5 pmsrc/src/pocketmine/Server(2390): pocketmine\plugin\PluginManager->tickSchedulers(integer 344018)
#6 pmsrc/src/pocketmine/Server(2153): pocketmine\Server->tick()
#7 pmsrc/src/pocketmine/Server(1993): pocketmine\Server->tickProcessor()
#8 pmsrc/src/pocketmine/Server(1587): pocketmine\Server->start()
#9 pmsrc/src/pocketmine/PocketMine(286): pocketmine\Server->__construct(object BaseClassLoader, object pocketmine\utils\MainLogger, string[49] C:\Users\Administrator\Desktop\SPMC Network 2021\, string[57] C:\Users\Administrator\Desktop\SPMC Network 2021\plugins\)
#10 pmsrc/src/pocketmine/PocketMine(316): pocketmine\server()
#11 pmsrc(11): require(string[104] phar://C:/Users/Administrator/Desktop/SPMC Network 2021/PocketMine-MP.phar/src/p)

PocketMine-MP version: 3.17.3 [Protocol 422]
Git commit: b296ae1b872aa0dbb6d118993aaab70913326b13
uname -a: Windows NT TEDDY2012 6.3 build 9600 (Windows Server 2012 R2 Datacenter Edition) AMD64
PHP Version: 7.3.13
Zend version: 3.3.13
OS : WINNT, win
Composer libraries: 
- adhocore/json-comment 0.1.0@8448076039389f558f39ad0553aab87db3f81614
- daverandom/callback-validator unknown@unknown
- pocketmine/binaryutils 0.1.13@0abee38d4e2861621f262c79a2a3d699d8a697f4
- pocketmine/callback-validator 1.0.3@64787469766bcaa7e5885242e85c23c25e8c55a2
- pocketmine/classloader 0.1.2@9757928424652393b178a3760073113aa7c9911b
- pocketmine/log 0.2.1@830b44a2cf96ef703c550abe64302f230231ca49
- pocketmine/log-pthreads 0.1.3@e477ecf6ec214fdd4415ea1da3fdd9d73bf699ea
- pocketmine/math 0.2.6@43057cb8c179a9859677b496a788db922fd5cfc3
- pocketmine/nbt 0.2.16@be6d54a8a314967d938b501eee49d4641e2ab07d
- pocketmine/pocketmine-mp 3.17.3@b296ae1b872aa0dbb6d118993aaab70913326b13
- pocketmine/raklib 0.12.10@48e70551cca6f2409115d3468bed94c2edd08f31
- pocketmine/snooze 0.1.4@382ab149f01ecca0a57f999ff5d7fc9e271c3268
- pocketmine/spl 0.4.2@6b08b7cf8c4afa17139c9a1b3bf1b408531de161

Loaded plugins:
MultiWorld 1.5.2 by CzechPMDevs, VixikCZ, fuyutsuki, kaliiks for API(s) 3.0.0
Jail 1.3.0 by hoyinm14mc for API(s) 3.1.0
DevTools 1.13.0 by PocketMine Team for API(s) 3.0.0
WorldProtect 2.3.8 by aliuly for API(s) 3.0.0
PurePerms 1.4.3 by 64FF00 & ProjectInfinity for API(s) 3.0.0
Boss_Quai 2.1 by phuongaz for API(s) 3.0.0
PMRequisites 1.1.0 by  for API(s) 3.0.0
AntiVoid 1.1.0 by FiberglassCivic for API(s) 3.0.0
AutoInv 0.0.10 by JackNoordhuis for API(s) 3.0.0
FormImagesFix 0.0.1 by  for API(s) 3.11.4
BuilderTools 1.2.0-beta3 by CzechPMDevs, VixikCZ for API(s) 3.0.0
Minion 1.0.2 by CLADevs for API(s) 3.0.0
Mockingbird 1.0-beta by  for API(s) 3.14.0
AddGems 1 by  for API(s) 3.0.0
VanillaEnchantments 4.0.0 by TheAz928 for API(s) 3.0.0, 3.1.0
BedcoreProtect 0.7.1 by matcracker for API(s) 3.13.0
PureChat 1.4.11 by 64FF00 for API(s) 3.0.0
MSpawns 2.2 by EvolSoft for API(s) 3.0.0
Core 1 by phuongaz for API(s) 3.0.0
SlapperRotation 1.2.1 by jojoe77777 for API(s) 3.0.0
OreGenerator 0.1 by phuongaz for API(s) 3.0.0
CustomWings 1.0.0 by phuongaz for API(s) 3.0.0
Slapper 1.6.0 by jojoe77777 for API(s) 3.13.0
PiggyCustomEnchants 2.3.0 by DaPigGuy for API(s) 3.14.0
BravoClan 1.1 by Itzdvbravo for API(s) 3.14.0
LCoin 1 by phuongaz for API(s) 3.0.0
FloatingText 1.0.0 by TheNewManu for API(s) 3.0.0
FormAPI 1.3.0 by jojoe77777 for API(s) 3.2.0
McMMO 1.0.0 by AkmalFairuz for API(s) 3.0.0
DEVirion 1.2.5-ALPHA12 by poggit, SOFe for API(s) 3.0.0
EconomyAPI 4.0.0 by onebone for API(s) 3.0.0, 3.1.0, 4.0.0
LOCMSkyblock 3.1.3 by RedCraftPE for API(s) 3.0.0, 4.0.0
Sell 1.2.13 by phuongaz for API(s) 3.0.0
DolaShop 4.0.5 by SaltyPixelDevz for API(s) 3.0.0
Texter 3.4.9 by yuko_fuyutsuki, mfmfnek0, onebone, ogiwara, Shootsta_ERU0531, Toganon, ShadowArt, Marron0421, No4NaMe, SuperYYT, SuperAdam47, minijaham, VicoSilalahi for API(s) 3.10.0
CustomShopUI 4.0.5 by SaltyPixelDevz for API(s) 3.0.0
PiggyCrates 2.0.9 by DaPigGuy for API(s) 3.2.0

----------------------REPORT THE DATA BELOW THIS LINE-----------------------

===BEGIN CRASH DUMP===
eNrtXHtz2za2/yoYJXPX3upBUtSz1524ttN4rx17Y6fZ3irjAUlQYk0SLB+SlU6++z3nABRJWU6c
xN27f7TT1iQInDfO+QEC+UfLl2nE85ulSLNAxq2p3W7lQSRaU3NoWtbIHA6M7nAysMbjdqtI9KOR
ZYy7o6E5sCcTezK0h+1WyLP8JE1l2pr+0crXCXRr0f3JnStgHNButyKRZXyOj97GnvCDWHhM+n4m
8ikz4LlfhOHLIMQOR9PZ7G0GUs1mh14UxEGWpzyX6Wx2LLLbXCaz2dXl+RF7LfKVTG+ZZVjmbJaE
xTyIYczV7doJpXs7m2WpO5u9Ed5Ryv388oSu4emP6ulPIhZEF8acZiGPvU1LN1kkKJOSR1PulYR7
QLdXke3VqPYqor0tmkAvBK1b04kJdk65C5e/tp4Z7GnI703M/SlLoJPIwWZiNivyIATV3uKf6VQ0
HPIKhoYi3QviXMxFysZtBkYO4vmv5uQ92+Gh6rnVf8/+LA+1WSkQGInxNOXrX83B+32w3TPziwx1
zbPbrDSX2LOGYJyviYTOD3NNQz3Yk85vws0bhg7FUoSz2Rn+qTQYGEZ1Y7fZ67dnZ4w0sVgSoej4
X0Wnl7kL4RXgFRK+9JDZH31KdNJzo4Ho/CDjN0W88Wvftg1zTFz7j+F6Vd7tmaPJVjxteiquWsDO
D+lufvZufsqJvUv6c85jyAnp3nBgf5rZRq7ODxEP4utFKrj3SvA0dwTPd7Ef7GZ/JVLId3tWf2Js
cVSCzWYNyTo/5IFbcc92cRp+mpM56G9xUk8U6T0iMfokCXMy+RSJy1S6kFwhBRCt8adpDcajB2hl
OZhT0ZjspnFJl+dwuWeNhw+QublxZQz5oHDzcrL8yDNxBFUiO5PcE2mb7ZhEOludg3fP5HyOvXTG
sSdfm3A2JAajb85ZKgcZnzVM39w2TKYsrwiYisCeidk6Fb8XQSr2ytRq2O9ZsuDptNc7mvZI2F5D
1p4WtXdP0poInfPLLlJRQu633n9st8Q3l+c/qRSCbIrmTRAvZbgUkYhzYOSBXdy8VT6FlrOLo/OS
LbS70hOo0NiCZ4z+6fXYkqc3XhEle8/vzP3vodu4v3n83JUFzN6UHTCDHtnwCP8ONl0AETEYCj2e
ByRyxv4OlzhqycPvGTz67wPosePhPvuO7UX8Djm3oaO1zzoMXFfd7+P4777bZ38g06FmPtowL9mv
gb05gM5rZGYONoTXSGhdES7vkfB6Q3isCU9qhEvSHx7W7MMjNPuADD9UApT3KMCHUoCJoQSYmA0B
wP7kOpBA3CUheG9v1mKzVlu3Z4dU7UsnvSfvTaydNCAqgQxF2XQ6F/meav7VeF9S+9XUBPpbBAJ/
b0MDa3t+6u3ts4MDBhWIpLe3BgDP2EF2RwuR5dOpC5UnF69/vN6LxYr9DEEq0z44uf183X7+YV9x
HdwnAulNAJVr+FMSwes91XD06uTqGoQPFYZAlorS8B4l1ICIwTzMeewK6SvZlPyjewPI+YK7C/Bu
LqKM8YzRlRow3jFAy6sMFC9hSsp0vbff+YF73imMVJSUhJMd4z/CA9Mw7j1R7duB8bH18S9E/Bci
/gsR/4WI/0LEfyHifwMibrdUDgsRQcYcN7Zaje4gmQMuqvbGWv2uOer2sb0IQq81NcfWsN0KshtP
LFtTn4eZALCayly6EsjalgVMAoSyjjUZcmE645HFueE5ztAzzTFEMOfcGRkTs9+3ho6JtAsty7sg
9uQqY6+v2fXJ8fEvlmFabNjtM2LOJkPDYHtlJxVmjPq8sdgxz6GSEtA98QIsbfvs8Px4aCOYXiRA
HfToErsPIvZINX0Pj29khvxPX7++hga6WQUx4e0okWD/mzBwUp4GIkPbcW8B+qai91sm4w700fDd
6Jpd48XYtsfGaGj0J/3xxB8Mxn5/wj1jMADVwRye0/fH5tBEyTwOOkD+lFHP5WHocPe2A9gz8Gi9
MAXL3MZyFb/Qf1HYKticIObpmuaL5m32XxjcEaI/9mwBM9McWqZvDS13NOEW73vDycQb8+Fk5NtN
UjuZgy7d/ouhPRqPbBgzHDou5yMxGI8Hlm2J8cC1+q41EGN3MODWFkGc5SHNci2b9WIyGowm1ti2
7OEA8m7fMUdj3gdDGaO+aYJxRu5kYppOk1Io50TB6povxn3DsW1uuf5kKPyR0QfOqPDQ7huWb8H/
+qbL7ck9Cp0kp0pRGqr/QtijkXD9oXAt0/Y9z7bNgeCmx/twM/FGfccHawneJBXxfKGlGb4ApoOR
64xdKJF8Mh5MhqORY0PUj8Zjz5lYlu8NXN/tN0kAxi31Gb4A0b2BzcEMJgwceRAxzsAwhRD2xLOH
tiks7hgjr0miuuxEyWaSvviCGVcjlvJbiG1lF5DJeGGPxQiC1XRdPvQtG8aZA69vD8eO8Ca2awnP
MyCkzSaZLJbyg9DmtV/0xyA46OSDMkDI4IORP5lMfH/gjXx3IqyR6YI04y0iSUgUbIiWoWOMnZHr
j12b+9wcmf2JO+GmA44xHdsYD/qmJ2AatT5uFtM0N8+LMA/eyRSz1SbL1RrbrSq7md1BFwOXF/kC
QB/i8KMPwl1cnh+LZQYPfg7ugtuj/6WNephpWXEbwPUtTJLgNsOEypMAR/Vhqhh4L2LuhAJYQ92D
zOiJBJINEoZnmfTz43oDIhiQwkWWSQQZFcpLhJKuUFKogXWpcTJhvr64un538ebsGJpWwslgRQKt
izxPMqgWkHoXhdOFjNSrKdKrEQJj/YMH9QpAt02rgDpNqyzkOogj047chtLm1ytdUZzNfgMJZjMt
xyf1RPFBo2spw6ymwqapqYZ5T4+q2rFrwaOn8mDJHyHERhKtyNX14Zvrt5efc1clWW9DA5QlpwGw
y3FbqFK40VxX2gLfjZs6Q7AW4fqpVFXUZjMK0URJoNDaF6t8DpjHD0To1RNaubbLU4HpNoOC3mto
C0a5LFJxKdKoHgJVWzMGbEIvNXMM7ZcvAUf8FwOCCD5PY1jhBvmTGehGMYD1QylR7fIr5jGN1Uap
6IAVfpRZdvPPggc1K1RtzaAwmzZIFoWM5/zDU+lc0gNEXaQchZjN8P+Pmc6X528Q/WJLw5/15q1p
vTWrn0iJV+tEpC9DnorzI3BZjf92fD+szGGcBz/LoF56Nk2fVqL1MnBEOkfYdBQsA/epXPMj7rkt
rvktLCzC9Y8EGcFNWqjq6isicxfp3oYeWqPI5Wm8rBtDt9RtAcoB7Gga4x+ARV9LmXoLcMFTmeI3
IBqXRGczYCeDeIkxWwr1Wf++lGl0GvG5yF4GdzW9mu33tHswXE1IUF+rTlT8DpLNZnieISDefnD3
+FD9EddUIt0upY3mZshaXaPjiJz3H4OY/gxs5CjZclVqtyT9FnzUIAW2gTJMSlf4UTU07WHcw45n
h2SFJ9JdkwOXEvfHu/YcyinMSSdIGxi41rqlCLn14SC1v14HkS94HLguoLwa/8bNo/Kq5/0kGvW+
bGlo8meUhaq2vRKwWo9xjzXKHuuKn0H7MOQnsQt2yHGboK7Erqd1hWwSvBFj1wtx+AFW0feCrP1t
eHypRJnNjmQqvmI6lXL1dumE6UZ4uGNyH8puPWjmztE2coEFuJtCHhdpcyHS/3rNK5KQUxrCPG7G
7TBGRbK3pZ5Gr0cLnm+BV2raxq6muQu8flGCqSHje0ZoveQubpVlIB4w+pdYBrLILk86ZXvrAVyL
wlZXT4BqiQymrquEr+L6HClbmoB2K/OeLGV4Bao9VerVTCEANtwfsbZZrVZdAZIg1W5+i/rQbKqU
0ZProZT1JwJzPEeA3OFK7co9InldhTwBTPxG5jxv1sPtJ9tAYUut3+RvUozwn6dSbEuAx9fGi1RU
BzIqhRrNzRz0b3NRXYYvcdNRkeUyegfltD5v6q3buMX4d6lUE+IrAu9+wG1pMtzW5IFA+5bykCnO
X10LKpF6pRJYBIL5fK2soytlY/G74+n2Ls+W5sccBv1UNLcxvgW5lQQhzd+XZmfjVxinZNLbQa5H
sCHlS3kU8nryqdq2ltRNi5zmH7ylg32/0SatK6zgrwqvVg0r4gAaSnken4XOjmRQV0nd/78UBlfi
j92a/+cXwNAjh+l8Le7qAKbR/JlsA0jxtVid87h4KmUqirNZXZLH+wPX74eXp1sremz5zMb4AwnH
+oZdig1FUEYJsbl41OLPPT+/qOMnuv+MTw5vIx6+5EFaPFmE1UiCH1CIx7vj+OTnIG0ijk3TNtQY
dA7PLl8dmluIMJFz/B0aasnFS/Fks4aIzmZLEmU280R5VRPvE0ARdTtxZSyjdTPaao2fWf/JWDjw
34PLv7Ye9JUaavKzmVASAY/ZrCHd53Nb/cRqLcU1D7I2jhhs79FXp5y29Wyzb1LvweNT5dWj0IkI
67+f0e09ANx/gvxdD4tH5fIMRPmCWSZDfrWQSX2WlU3bUThoqnPFw3x9GdyJ8Fgs/xSlmhxKJImy
vYV8qGX8rIpYBRo4Ujc048/uTprqrYtbeVP/xTfyIz8Wtzi9ygkIV/NgxVPcNwNxZJ7l/ObkzVtj
QD+NX8s5jykfXC24J1eHKSajc56mMjZsC7u8lvZrfo6UrgqAhb/8cl1eHno8skfIN4iD3/iCR7Sz
6sqrIOQhXwRNRPPFE2JT3Sp75/J2DVgmiaJkNlNW+uq9oI3letrcm0WK8t+9VYpu/o8OuqX1uLBD
e4A5MiSVIKnunFeIH89m3kf6qrWJ8I3toNyJ8L8YaOxcWzyM+kmyxs23o3wi01PnNmD+RAJCZOvX
+fLoGlDudJRyHR5nFPfqGF03SSXMlJxOZLWeXW7u2JGM/WDO8NWNWTqLn13xnB0Wc2ZZzDKmg8nU
HLLvjBGeljOwAwD3ecHn4kDEc7yPZO4dNETRZ83woWLeSWSaH5gTs29h42oBqnfCIMsPiCKPY1nE
Lv6YzdfQm7uLQKh3PLIDQAtIB7eVOvr3c3D5gTkk3vxOD8oOlHRzsE8kPaEo+zIFsps26fvYCoai
TcbyPlkmmo0X+H7gFhCKByTpfHOcORM5wuTsgEyAJ5Y7GJIHsVgtA69qzITwan3wRZqD45OXh2/P
rrFV++b3QqRrzVM3pTDjSoHwupvwLFvJ1Dv4O/0DZipy2cn4UuiBy0CsOl6gjvcfjLHpzpF3HZwD
ukvjuFB3HeFxoWcMCx5zye1FSvtB5H16+6PhSIgGBouFTLBSfcZTwfKFYJDSM7iAWHHRfTlz8FUD
Nyw84cEFuxd1SOtKRjDSRwLbNDPuizaT8CTNkCRzUsFv2VoWqabFAp+BFwM/IA7gQHz3J1wjYVjO
bMj1POFzcGHGVjL+W85wD4GnDK0XgbJ4dG+NEuaLIFN6rxYiZkUyT7kHBLqzGONWEZvOYsaevVsI
FIzlErjEHgMS+oQs2CCFiRbCFPXUYxIVoBEHwmDPUORkL4S+rmALOvyNLRFSVvFZzqgpowOi+CBb
FDlUwbij37iasllLn+B0Q5kJb9YiyQ7DUK4YTiUQpjzoz5YBZ//EEMM+FGvlOZEpw4xHQ08o7vQY
BnIxnBMMPAZGQWrOmmlTYn8dppvHNWGfvQvAIDIGu3LPY6nIlPnRrHjQmkWCZ0VKE5qB0R2BQoNx
xO8FD9Fs82AJfZc8LATb00wh4ewjdcURJojALNIBs+Mp5yk8Jt6vi8gBq0BUHWbr2MVD7wxP90Ic
danDW7AWhXapKXZbAKyQBXgPXwNoMzqdw/Rsh/nQZniQFRTB8kK2gYSNbVERQwRhF0X8itwLOkGU
pfIugAgTYAZQiSI33giHttUCnfoYq9gHY7LNgvxvYL48pWGewAxHIbM1mO2BDgXMG4vMQmp0tKZT
IrUdq5yCIy3iGN3pYUKSCTmBfhnOugzKtr5mUTBfwGROebZo1yefDhy0SJoWSa5alcHQMBHIpvUi
58KkpPO9npoQfCkDD8TeLQHGCMacBENDdHVrgQadO6rTJtIg30MeT9dqUv4USgeiB8s1U+0wD6Ig
x7kdiTl31lA2u+xKmdog4wYZ0qbh1+i1VUCWp4iCSbvqKEJlkGWkoR+AiJCRBL7hhGT8VIiSpQpy
8FaB05TNJThK4jTFqEBGcxKzQ6JNmYFaAHdKweqM7X+8Bgh1PiU/ltNvkx/AVUIi6PS5EUmTyxik
D6yHkPdKgZBrKZVpWLYWjJLAO5oVWr7sb08gIc0LEgkzBnMLKD4xFB8m7oRbUPKVSmQ1I7FYbXqL
OxdQQVZppBLXxfXJlF2/Or1iZ6fnp9fs8PLy7PTkil2evGGAE//n5E2bQSd2fQG9Tti7VxdnJ+zy
zcXRydVVdzsFNOxReulSpIGkcoxpOEP13IWghEy22KRaEywPgMCjzEJdOog6VZIlUoASQUtIzxBL
qO1DoaZCDBAelr8Yu2lmRFkRgcRbpXFVj4jHBVYQrPI0oHu/N0aChu7gtES4CAaUXVFc5VU1dqMD
BJdIskrVvqF1zfZ3i6Q172vN5zx1YF50XBmGCntS+tltXZpoKI4exfQoyNwRjwuCHnVJAJYVEIH7
7bIibIdgGYSquPo+0FL6RtUE7LILlfFVuAN2kEXobWQJoISsYlbJnynCCYkPig4NQ+sK3F5SqrhX
Iil0FIWNbn4qo7LUqtG6R6cemHUPozbak/dig+0IqUZ0XJVwEV2WAicMQx3I+DK3wlYKwDH9oIMP
Sn8dYyc9gGQnMUsN8H3XlYCpzncYGEo2lD3gsIQgy7JCYFrIF+C1eYk1MWUht0qqdulIhRA0pOwq
abDrg3bCZY27KOLbrJT9iCfYGkRFBBUWimvKSuSPjmRqEaSkqOyK80WbkmbM/RgDqJ1oiYhhBzFw
ASXX3njsWKpH2zGNyAhznqKvOpdTSNHSHeuaEW7ouLDCExvdjkEUQioAHtF6IJ2CF4pKggdDcJmB
Y5SGlXYwTNtT6VNyxs4V1kUDhrgI0HQ/TepTcTiLY/Xy2FQXCABmCxkqgOnwHFauiMNJ5AxfY2W6
xFBuU+se/VQVFkdsoKYqbs/qXiofYVpN1zkSb7OOWXMgOY8Yd/JSGEjbg6HO2hWKpQUpAkhPaY4r
GYL5OBgatVhd9gqQIH3/AKEdO7p824axIIMD82sVeBD2hBRU9tzQ7xD9KRuVoLvC4xlZp9a3yw49
SFQLHvo9WEiqRYInIIY1K2DKcNcEA6w2EauiVyNWX4ic3GFWQ4DJw7ZKmshavwPXZdcp1QtJOPrt
ZXxZovBqZYiLDBy0gnqKNIskTjr6fmvZc64nZBZ8EBtXI14vPZxhLdRYCvC8fu2wqrr2xFKD9rvs
Uo8JeTqnAVwvUXWYEEc/5XPUDt8wh3VxEhKUwXVnBMJjHuApuvAoDHDzhBbS+LKkyHJ2fv2WJM1A
JVTbKXKGC3fycsVOrTq6ZRqK8qKDo6YkLU4ATzjFfFquZH5gJq5gNI5bwCym50yvWzO10sYgjzOp
apoOFBOJqbylqB0tJKxsMTjLBYwol6iU3Dyec5bxZZlEcSuk3DLCZ9V851DTIRMInpc5BiRVL1+W
gJkWWxBCBFeyBPAZwZdYumGQMBoLdjzna7AhBkskl+X6FdO/zpmUtzrlM8Uyq7JFuSVU30u4ps0A
FQDq02pqG4X6am8Xmd6UUF+AoDjUYzpqzJQlACiWQYhsVM7T81lzwaTN4/kGUsc4LNyuHe2yV2Mv
aef+jVrjHUb44Q1ak1J9UiGOplS7cFSMcDrTyh0cg9dUTWDwG6ottcGkeCzUStERipgj8EMUjHb8
qBwsygggp9NGYKNKKfWR0UZ9mJmMb4uaqPe9gRt+5mKXlMZuMXkKlCA+ykAEYcvB+HcjTZ+iG9fR
nSLxcNe2li1cLEDEiHY+axsxp8fETH1vhKYk2lOk6Gmm3nZlWjum9x3KakdjGqoDvQ6z2DM2hxVL
Vpmn2tvYWKh730R6sq54QEsaSByA+JVvEpkUYRmM+gbTPvXRKaJPCYLQcCfR0xqzK87UKStxJu1j
qt2cqa54uPlEKyzVrAqG9hcIUm0LeJXdMN47+H2frabNdGs2JwuAZr6seQRmWUftvm96LiR6hkTp
4k873UCSxLGM1xGuETI8P5eBhlklOi589HNWPScVKGXx+TyFtabaV9KbUGqtjV8zud3Wj+SDGXxx
fIFvuuvtfF0LMCmshAKinOG3ZZBjRoJXClBbt7bzC6VnY3kVmso594wKDlXPdTBB1cMXtil31/EU
tcu66QCixhgntU2eNuTHZMHbDI/LU8HKN5AFUq8vYBENLoQMFGNBUE/LwqK2jHhj00j/3lMrOAXA
M6htlMXKZKEJkufV85LHPU8rXeuuzmEFvcnVuiIhUexfAgf0LCZMZEi7YXpQufPZrRjoJ3UOpTU/
XfN02lbeVbOitsmgaQD5XNuz3E5Y6EbKGLgi0CBTZwzcnQUc7xHKCvwNIYDqoIjaiscMVK6yVY4D
ejpFlpWNhwHPNIQH1MWjJCzvEASAjNpX09Jp6hnELW72TNmvVL2hfrZp9+c9EiV0XpXJ+k8EpAYi
qTTw9Aq7/GmGls67KhYVdKrQGYFJWpnhm70gqy63dfEVX5JBXTL8LQergqpeFccpe3l2eD21vh+1
B5M7s92/67et783vPeFKlWP38HVM+kbVwdhQqVjd2YN9BXvUbnx9YatmONYWsLHedSLoQdtG4DV3
zdTnQYq0TMolmk83+/iUcYAOlCqXfifJSoN1yt8AIBYUvnv2klINsaL+DSIFIQX92bVaS4fAVrfa
IJP0ZSQm7iDxZXoh5N4iXs4I9INFnACQ6lqtmakf6ktfpgpVGVFzRmlJ9AGMpJtc3Wq38IfxOKMz
9tM/9DHx6hMVjqu/NLBpwd9fYo+njTYZ3Xgyh2TYaNUfu6saijSs32OKqN/7QUiHJKqWedT4YMYC
ykf9PoBZtqw34Gcw6ODLiE4gRY76ManeBZEYiO/V2xK3qfUb4euFeGMkpf2s2QQAJaq3XF2e1W+j
dfZ7SF/50FdsgO/hWbgLzzr40ZCBYRsjuHx+ClNi5Lrw72QohqOBP/RGlhi4vuFbw5Fvj4U5HLkW
dxyrz54D7VzeihjgQcNia06/ReLP9vhpjQ9Boo6kDtSt+sLCpjfc3kVNn0hUxzKMvmla+MP/5fFF
w1SevCFVthuhKWi6E9JFnGWNjlcBJoR/nTdstCUB3OKStKkWNK7SYCs6at/SwAMIJn4KBgReNIOz
qtY3BMbq3ynBIAnm6vslREWdsieSeHoKDUAJzXPKb2VgHKfrJJfU0KeGuXfP50EjTMg2/XpTKmA2
4LSbFyoYlTgfP/4fqbjwXA==
===END CRASH DUMP===
